<?xml version="1.0" encoding="UTF-8"?>
<testng-results ignored="0" total="1" passed="1" failed="0" skipped="0">
  <reporter-output>
  </reporter-output>
  <suite started-at="2024-02-21T14:35:43 IST" name="Default suite" finished-at="2024-02-21T14:35:43 IST" duration-ms="178">
    <groups>
    </groups>
    <test started-at="2024-02-21T14:35:43 IST" name="Default test" finished-at="2024-02-21T14:35:43 IST" duration-ms="178">
      <class name="restassured.TestDemo">
        <test-method is-config="true" signature="openBrowser()[pri:0, instance:restassured.TestDemo@2b91004a]" started-at="2024-02-21T14:35:43 IST" name="openBrowser" finished-at="2024-02-21T14:35:43 IST" duration-ms="82" status="PASS">
          <reporter-output>
          </reporter-output>
        </test-method> <!-- openBrowser -->
        <test-method is-config="true" signature="sentRequest()[pri:0, instance:restassured.TestDemo@2b91004a]" started-at="2024-02-21T14:35:43 IST" name="sentRequest" finished-at="2024-02-21T14:35:43 IST" duration-ms="1" status="PASS">
          <reporter-output>
          </reporter-output>
        </test-method> <!-- sentRequest -->
        <test-method is-config="true" signature="SearchFriend()[pri:0, instance:restassured.TestDemo@2b91004a]" started-at="2024-02-21T14:35:43 IST" name="SearchFriend" finished-at="2024-02-21T14:35:43 IST" duration-ms="3" status="PASS">
          <reporter-output>
          </reporter-output>
        </test-method> <!-- SearchFriend -->
        <test-method is-config="true" signature="openFb()[pri:0, instance:restassured.TestDemo@2b91004a]" started-at="2024-02-21T14:35:43 IST" name="openFb" finished-at="2024-02-21T14:35:43 IST" duration-ms="1" status="PASS">
          <reporter-output>
          </reporter-output>
        </test-method> <!-- openFb -->
        <test-method signature="acceptRequest()[pri:0, instance:restassured.TestDemo@2b91004a]" started-at="2024-02-21T14:35:43 IST" name="acceptRequest" finished-at="2024-02-21T14:35:43 IST" duration-ms="41" status="PASS">
          <reporter-output>
          </reporter-output>
        </test-method> <!-- acceptRequest -->
        <test-method is-config="true" signature="closeBrowser()[pri:0, instance:restassured.TestDemo@2b91004a]" started-at="2024-02-21T14:35:43 IST" name="closeBrowser" finished-at="2024-02-21T14:35:43 IST" duration-ms="0" status="PASS">
          <reporter-output>
          </reporter-output>
        </test-method> <!-- closeBrowser -->
        <test-method is-config="true" signature="logOut()[pri:0, instance:restassured.TestDemo@2b91004a]" started-at="2024-02-21T14:35:44 IST" name="logOut" finished-at="2024-02-21T14:35:44 IST" duration-ms="1" status="PASS">
          <reporter-output>
          </reporter-output>
        </test-method> <!-- logOut -->
      </class> <!-- restassured.TestDemo -->
    </test> <!-- Default test -->
  </suite> <!-- Default suite -->
</testng-results>
