<?xml version="1.0" encoding="UTF-8"?>
<!-- Generated by org.testng.reporters.JUnitXMLReporter -->
<testsuite ignored="0" hostname="LP-5CD151LYG1" failures="1" tests="9" name="Test" time="31.444" errors="0" timestamp="2024-03-14T12:57:26 IST">
  <testcase classname="api.testcases.ItemTest" name="testCreateItem" time="12.776"/>
  <testcase classname="api.testcases.ItemTest" name="testGetItemsData" time="0.668"/>
  <testcase classname="api.testcases.ItemTest" name="testUpdateItem" time="0.725"/>
  <testcase classname="api.testcases.ItemTest" name="testDeleteItem" time="0.092"/>
  <testcase classname="api.testcases.ItemTest2" name="testCreateItem" time="0.235"/>
  <testcase classname="api.testcases.ItemTest2" name="testGetItemsData" time="0.233"/>
  <testcase classname="api.testcases.ItemTest2" name="testUpdateItem" time="0.554"/>
  <testcase classname="api.testcases.ItemTest2" name="testDeleteItem" time="0.616">
    <failure type="java.lang.AssertionError" message="expected [200] but found [500]">
      <![CDATA[java.lang.AssertionError: expected [200] but found [500]
at api.testcases.ItemTest2.testDeleteItem(ItemTest2.java:125)
at java.base/java.util.ArrayList.forEach(ArrayList.java:1511)
... Removed 34 stack frames]]>
    </failure>
  </testcase> <!-- testDeleteItem -->
  <testcase classname="api.testcases.ItemTest2" name="testDeleteItemById" time="0.23"/>
</testsuite> <!-- Test -->
