<?xml version="1.0" encoding="UTF-8"?>
<!-- Generated by org.testng.reporters.JUnitXMLReporter -->
<testsuite ignored="0" hostname="LP-PF2YTLQ0" failures="0" tests="4" name="Default test" time="9.575" errors="0" timestamp="2024-03-11T12:06:28 IST">
  <testcase classname="api.testcases.PetTest" name="testCreatePet" time="4.134"/>
  <testcase classname="api.testcases.PetTest" name="testGetPetData" time="1.355"/>
  <testcase classname="api.testcases.PetTest" name="testUpdatePet" time="2.255"/>
  <testcase classname="api.testcases.PetTest" name="testDeletePet" time="0.822"/>
</testsuite> <!-- Default test -->
