<?xml version="1.0" encoding="UTF-8"?>
<testng-results ignored="0" total="4" passed="4" failed="0" skipped="0">
  <reporter-output>
  </reporter-output>
  <suite started-at="2024-03-12T01:15:27 IST" name="Suite" finished-at="2024-03-12T01:15:37 IST" duration-ms="10557">
    <groups>
    </groups>
    <test started-at="2024-03-12T01:15:27 IST" name="Test" finished-at="2024-03-12T01:15:37 IST" duration-ms="10557">
      <class name="api.testcases.PetTest">
        <test-method is-config="true" signature="generateTestData()[pri:0, instance:api.testcases.PetTest@61001b64]" started-at="2024-03-12T01:15:27 IST" name="generateTestData" finished-at="2024-03-12T01:15:28 IST" duration-ms="1260" status="PASS">
          <reporter-output>
          </reporter-output>
        </test-method> <!-- generateTestData -->
        <test-method signature="testCreatePet()[pri:1, instance:api.testcases.PetTest@61001b64]" started-at="2024-03-12T01:15:28 IST" name="testCreatePet" finished-at="2024-03-12T01:15:32 IST" duration-ms="3282" status="PASS">
          <reporter-output>
          </reporter-output>
        </test-method> <!-- testCreatePet -->
        <test-method signature="testGetPetData()[pri:2, instance:api.testcases.PetTest@61001b64]" started-at="2024-03-12T01:15:32 IST" name="testGetPetData" finished-at="2024-03-12T01:15:33 IST" depends-on-methods="api.testcases.PetTest.testCreatePet" duration-ms="1406" status="PASS">
          <reporter-output>
          </reporter-output>
        </test-method> <!-- testGetPetData -->
        <test-method signature="testUpdatePet()[pri:3, instance:api.testcases.PetTest@61001b64]" started-at="2024-03-12T01:15:33 IST" name="testUpdatePet" finished-at="2024-03-12T01:15:36 IST" depends-on-methods="api.testcases.PetTest.testCreatePet" duration-ms="2884" status="PASS">
          <reporter-output>
          </reporter-output>
        </test-method> <!-- testUpdatePet -->
        <test-method signature="testDeletePet()[pri:4, instance:api.testcases.PetTest@61001b64]" started-at="2024-03-12T01:15:36 IST" name="testDeletePet" finished-at="2024-03-12T01:15:37 IST" depends-on-methods="api.testcases.PetTest.testCreatePet" duration-ms="1316" status="PASS">
          <reporter-output>
          </reporter-output>
        </test-method> <!-- testDeletePet -->
      </class> <!-- api.testcases.PetTest -->
    </test> <!-- Test -->
  </suite> <!-- Suite -->
</testng-results>
