<?xml version="1.0" encoding="UTF-8"?>
<!-- Generated by org.testng.reporters.JUnitXMLReporter -->
<testsuite ignored="0" hostname="DESKTOP-42ESNCU" failures="0" tests="4" name="Default test" time="7.647" errors="0" timestamp="2024-03-07T06:20:42 IST">
  <testcase classname="api.testcases.UserTest" name="testCreateUser" time="2.265"/>
  <testcase classname="api.testcases.UserTest" name="testGetUserData" time="1.262"/>
  <testcase classname="api.testcases.UserTest" name="testUpdateUser" time="2.493"/>
  <testcase classname="api.testcases.UserTest" name="testDeleteUser" time="1.232"/>
</testsuite> <!-- Default test -->
