<?xml version="1.0" encoding="UTF-8"?>
<!-- Generated by org.testng.reporters.JUnitXMLReporter -->
<testsuite ignored="0" hostname="LP-5CD151LYG1" failures="0" tests="4" name="Default test" time="6.573" errors="0" timestamp="2024-03-14T10:08:53 IST">
  <testcase classname="api.testcases.ItemTest" name="testCreateItem" time="3.417"/>
  <testcase classname="api.testcases.ItemTest" name="testGetItemsData" time="0.146"/>
  <testcase classname="api.testcases.ItemTest" name="testUpdateItem" time="0.171"/>
  <testcase classname="api.testcases.ItemTest" name="testDeleteItem" time="0.054"/>
</testsuite> <!-- Default test -->
